LocationRinger/proguard.cfg
-renamesourcefileattribute SourceFile    
-keepattributes SourceFile,LineNumberTable
-flattenpackagehierarchy
-dontoptimize
-dontpreverify
-verbose