LocationRinger/proguard/seeds.txt
com.TwentyCodes.android.LocationRinger.LocationRinger
com.TwentyCodes.android.LocationRinger.receivers.GetLocationWidget
com.TwentyCodes.android.LocationRinger.receivers.LocationReceiver
com.TwentyCodes.android.LocationRinger.receivers.SystemReceiver
com.TwentyCodes.android.LocationRinger.services.LocationService
com.TwentyCodes.android.LocationRinger.services.RingerProcessingService
com.TwentyCodes.android.LocationRinger.ui.RingerInformationActivity
com.TwentyCodes.android.LocationRinger.ui.RingerListActivity
com.TwentyCodes.android.LocationRinger.ui.ScrollView
com.TwentyCodes.android.LocationRinger.ui.ScrollView: ScrollView(android.content.Context,android.util.AttributeSet)
com.TwentyCodes.android.LocationRinger.ui.ScrollView: ScrollView(android.content.Context,android.util.AttributeSet,int)
com.TwentyCodes.android.LocationRinger.ui.SettingsActivity
com.TwentyCodes.android.LocationRinger.ui.TextViewPreference
com.TwentyCodes.android.LocationRinger.ui.TextViewPreference: TextViewPreference(android.content.Context,android.util.AttributeSet)
com.TwentyCodes.android.LocationRinger.ui.TextViewPreference: TextViewPreference(android.content.Context,android.util.AttributeSet,int)
com.TwentyCodes.android.LocationRinger.ui.VersionInformationPreference
com.TwentyCodes.android.LocationRinger.ui.VersionInformationPreference: VersionInformationPreference(android.content.Context,android.util.AttributeSet)
com.TwentyCodes.android.LocationRinger.ui.VersionInformationPreference: VersionInformationPreference(android.content.Context,android.util.AttributeSet,int)
...
com.TwentyCodes.android.SkyHook.SkyHookService
com.TwentyCodes.android.SkyHook.Splash
com.TwentyCodes.android.debug.SkyHookRegistrationBehavior: com.TwentyCodes.android.debug.SkyHookRegistrationBehavior[] values()
com.TwentyCodes.android.debug.SkyHookRegistrationBehavior: com.TwentyCodes.android.debug.SkyHookRegistrationBehavior valueOf(java.lang.String)
com.TwentyCodes.android.exception.ExceptionReportActivity
com.TwentyCodes.android.exception.Report
com.TwentyCodes.android.exception.Report: android.os.Parcelable$Creator CREATOR
com.TwentyCodes.android.exception.ReportItem
com.TwentyCodes.android.exception.ReportItem: android.os.Parcelable$Creator CREATOR
com.TwentyCodes.android.exception.ReportListActivity
com.TwentyCodes.android.location.LocationReceiver
com.TwentyCodes.android.location.LocationService
com.TwentyCodes.android.location.MapView
com.TwentyCodes.android.location.MapView: MapView(android.content.Context,android.util.AttributeSet)
com.TwentyCodes.android.location.MapView: MapView(android.content.Context,android.util.AttributeSet,int)
com.skyhookwireless._sdkf: com.skyhookwireless._sdkf[] values()
com.skyhookwireless._sdkf: com.skyhookwireless._sdkf valueOf(java.lang.String)
com.skyhookwireless._sdkg: com.skyhookwireless._sdkg[] values()
com.skyhookwireless._sdkg: com.skyhookwireless._sdkg valueOf(java.lang.String)
com.skyhookwireless._sdkh: com.skyhookwireless._sdkh[] values()
com.skyhookwireless._sdkh: com.skyhookwireless._sdkh valueOf(java.lang.String)
com.skyhookwireless._sdki: com.skyhookwireless._sdki[] values()
com.skyhookwireless._sdki: com.skyhookwireless._sdki valueOf(java.lang.String)
com.skyhookwireless.wps.WPSContinuation: com.skyhookwireless.wps.WPSContinuation[] values()
com.skyhookwireless.wps.WPSContinuation: com.skyhookwireless.wps.WPSContinuation valueOf(java.lang.String)
com.skyhookwireless.wps.WPSReturnCode: com.skyhookwireless.wps.WPSReturnCode[] values()
com.skyhookwireless.wps.WPSReturnCode: com.skyhookwireless.wps.WPSReturnCode valueOf(java.lang.String)
com.skyhookwireless.wps.WPSStreetAddressLookup: com.skyhookwireless.wps.WPSStreetAddressLookup[] values()
com.skyhookwireless.wps.WPSStreetAddressLookup: com.skyhookwireless.wps.WPSStreetAddressLookup valueOf(java.lang.String)