LocationRinger/proguard/mapping.txt
com.TwentyCodes.android.LocationRinger.LocationRinger -> com.TwentyCodes.android.LocationRinger.LocationRinger:
    22:24:void onCreate(android.os.Bundle) -> onCreate
com.TwentyCodes.android.LocationRinger.LocationSelectedListener -> com.TwentyCodes.android.LocationRinger.a:
    void onLocationSelected(com.google.android.maps.GeoPoint) -> a
com.TwentyCodes.android.LocationRinger.R -> com.TwentyCodes.android.LocationRinger.b:
com.TwentyCodes.android.LocationRinger.R$array -> com.TwentyCodes.android.LocationRinger.c:
    int accuracy -> a
    int accuracy_strings -> b
    int features -> c
    int ignore -> d
    int ignore_strings -> e
    int runtime_string -> f
    int runtimes -> g
com.TwentyCodes.android.LocationRinger.R$attr -> com.TwentyCodes.android.LocationRinger.d:
com.TwentyCodes.android.LocationRinger.R$drawable -> com.TwentyCodes.android.LocationRinger.e:
    int compass -> a
    int icon -> b
    int logoidea3 -> c
    int needle -> d
    int newstatusbar_icon -> e
    int skyhook_logo -> f
    int skyhook_logo_alpha -> g
    int skyhook_logo_alpha_small -> h
    int statusbar_icon -> i
    int tc_logo_complete -> j
    int user -> k
com.TwentyCodes.android.LocationRinger.R$id -> com.TwentyCodes.android.LocationRinger.f:
    int add_a_feature_label -> a
    int add_feature_button -> b
    int add_ringer_button -> c
    int add_ringer_button_hint -> d
    int address -> e
    int address_list -> f
    int alarm_volume -> g
    int alarm_volume_info -> h
    int bluetooth_toggle -> i
    int buttons -> j
    int data_label -> k
    int description -> l
    int exception_text -> m
    int exception_title -> n
    int info -> o
    int map_controls -> p
    int map_edit_toggle -> q
    int map_info -> r
    int map_mode -> s
    int mapview -> t
    int mark_my_location -> u
    int msg_scrollview -> v
    int music_volume -> w
    int music_volume_info -> x
    int my_location -> y
    int notification_ringtone -> z
    int notification_ringtone_button -> A
    int notification_ringtone_info -> B
    int notification_ringtone_volume -> C
    int notification_silent_toggle -> D
    int ok -> E
    int ok_button -> F
    int radius -> G
    int ringer_enabled_checkbox -> H
    int ringer_list -> I
    int ringer_name -> J
    int ringer_options -> K
    int ringer_toggle -> L
    int ringtone -> M
    int ringtone_button -> N
    int ringtone_info -> O
    int ringtone_silent_toggle -> P
    int ringtone_volume -> Q
    int save_ringer_button -> R
    int scrollview -> S
    int search -> T
    int search_progress -> U
    int send -> V
    int skyhook_img -> W
    int tc_img -> X
    int text -> Y
com.TwentyCodes.android.LocationRinger.R$layout -> com.TwentyCodes.android.LocationRinger.g:
    int address_dialog -> a
    int alarm_volume -> b
    int exception_activity -> c
    int exception_list_item -> d
    int first_boot_dialog -> e
    int get_location_widget -> f
    int list_item -> g
    int map_info -> h
    int music_volume -> i
    int notification_ringtone -> j
    int powered_by_skyhook -> k
    int report_list_activity -> l
    int ringer_info -> m
    int ringer_info_button_bar -> n
    int ringer_list -> o
    int ringtone -> p
    int simple_list_item -> q
    int update_interval -> r
...
com.skyhookwireless._sdkeb -> d.r:
    com.skyhookwireless._sdkpc _sdka -> a
    java.lang.String[] z -> b
    void onLocationChanged(android.location.Location) -> onLocationChanged
    void onProviderDisabled(java.lang.String) -> onProviderDisabled
    void onProviderEnabled(java.lang.String) -> onProviderEnabled
    void onStatusChanged(java.lang.String,int,android.os.Bundle) -> onStatusChanged
com.skyhookwireless._sdkec -> d.s:
    com.skyhookwireless._sdkxc _sdka -> a
    java.lang.String z -> b
    android.net.wifi.WifiManager _sdka() -> a
    java.lang.Object call() -> call
com.skyhookwireless._sdked -> d.t:
    boolean _sdka -> a
    java.lang.String[] z -> b
    boolean _sdka() -> a
    void _sdkb() -> b
    void _sdka(boolean) -> a
    void _sdka(boolean,java.lang.Object) -> a
    void _sdka(java.lang.Object,java.lang.Object) -> a
    void _sdkb(java.lang.Object,java.lang.Object) -> b
    void _sdka(double,double,double) -> a
    void _sdka(double,double) -> a
com.skyhookwireless._sdkf -> d.u:
    com.skyhookwireless._sdkf PUBLIC -> a
    com.skyhookwireless._sdkf PACKAGE -> b
    com.skyhookwireless._sdkf PROTECTED -> c
    com.skyhookwireless._sdkf PRIVATE -> d
    com.skyhookwireless._sdkf NONE -> e
    com.skyhookwireless._sdkf[] _sdka -> g
    boolean _sdkb -> f
    java.lang.String[] z -> h
    com.skyhookwireless._sdkf[] values() -> values
    com.skyhookwireless._sdkf valueOf(java.lang.String) -> valueOf
com.skyhookwireless._sdkfb -> d.v:
    java.lang.String _sdka -> a
    com.skyhookwireless._sdkh _sdkb -> c
    com.skyhookwireless._sdkfb _sdkc -> d
    int _sdkd -> b
    java.lang.String[] z -> e
    boolean _sdka(com.skyhookwireless._sdkh) -> a
    boolean _sdka() -> a
    boolean _sdkb() -> b
    boolean _sdkc() -> c
    boolean _sdkd() -> d
    boolean _sdke() -> e
    void _sdka(com.skyhookwireless._sdkh,java.lang.String) -> a
    com.skyhookwireless._sdkfb _sdka(java.lang.Class) -> a
    void _sdka(com.skyhookwireless._sdkh,java.lang.String,java.lang.Throwable) -> a
    java.lang.String _sdkb(com.skyhookwireless._sdkh,java.lang.String) -> b
    void _sdka(java.lang.String) -> a
    void _sdkb(java.lang.String) -> b
    void _sdkc(java.lang.String) -> c
    void _sdkd(java.lang.String) -> d
    void _sdke(java.lang.String) -> e
    void _sdka(java.lang.String,java.lang.Throwable) -> a
    void _sdkb(java.lang.String,java.lang.Throwable) -> b
    void _sdkc(java.lang.String,java.lang.Throwable) -> c
    void _sdkd(java.lang.String,java.lang.Throwable) -> d
    void _sdke(java.lang.String,java.lang.Throwable) -> e
    java.io.OutputStream _sdkb(com.skyhookwireless._sdkh) -> b
    void _sdka(com.skyhookwireless._sdkfb) -> a
    com.skyhookwireless._sdkfb _sdkb(java.lang.Class) -> b
    char[] z(java.lang.String) -> f
    java.lang.String z(char[]) -> a
com.skyhookwireless._sdkfc -> d.w:
    com.skyhookwireless._sdkfb _sdka -> b
    int _sdkb -> c
    int _sdkc -> d
    boolean _sdkd -> e
    android.net.wifi.WifiManager _sdke -> f
    boolean _sdkf -> a
    java.lang.String[] z -> g
    void _sdka(android.net.wifi.WifiManager) -> a
    void _sdkb(android.net.wifi.WifiManager) -> b
    void _sdka() -> a
    void _sdkb() -> b
    boolean _sdkc() -> c
    boolean _sdkd() -> d
    int _sdka(com.skyhookwireless._sdkfc) -> a
    void _sdkb(com.skyhookwireless._sdkfc) -> b
com.skyhookwireless._sdkfd -> d.x:
    java.util.ArrayList _sdka -> a
    java.util.List _sdka(long) -> a
    java.util.List _sdka() -> a
    void _sdka(java.util.List,long) -> a
    void _sdka(com.skyhookwireless._sdkhd) -> a
com.skyhookwireless._sdkg -> d.y:
    com.skyhookwireless._sdkg STDOUT -> a
    com.skyhookwireless._sdkg FILE -> b
    com.skyhookwireless._sdkg BUILT_IN -> c
    com.skyhookwireless._sdkg NULL -> d
    com.skyhookwireless._sdkg[] _sdka -> e
    java.lang.String[] z -> f
    com.skyhookwireless._sdkg[] values() -> values
    com.skyhookwireless._sdkg valueOf(java.lang.String) -> valueOf